
D:\Tesco\Automation\ForgeAutomation>ECHO OFF 
[11/06/2013 10:35:09.04] Forge Started 
[11/06/2013 10:35:09.68] Copy delta file from PI directory 
\\UKDEV66APSQL01v\DataIntegration\International\TH\Product\Reports\FullForge\ProductDelta20130610_072524.zip
1 File(s) copied
[11/06/2013 10:35:14.00] Extracting files for forge 
[11/06/2013 10:37:34.90] File extraction complete 
[11/06/2013 10:37:34.90] Call Scripts for English language for cluster 1 - Baseline Update  
Setting flag 'baseline_data_ready' in the EAC.
[06.11.13 10:37:41] INFO: Checking definition from AppConfig.xml against existing EAC provisioning.
[06.11.13 10:37:42] INFO: Updating provisioning for component 'DailyReportGenerator'.
[06.11.13 10:37:42] INFO: Updating definition for component 'DailyReportGenerator'.
[06.11.13 10:37:43] INFO: Definition updated.
[06.11.13 10:37:43] INFO: Starting baseline update script.
[06.11.13 10:37:43] INFO: Acquired lock 'update_lock'.
[06.11.13 10:37:43] INFO: Downloading config files from Web Studio.
[06.11.13 10:37:43] INFO: [ITLHost] Starting shell utility 'cleanDir_config'.
[06.11.13 10:37:44] INFO: [ITLHost] Starting shell utility 'emgr_update_get_ws_settings'.
[06.11.13 10:37:47] INFO: [ITLHost] Starting shell utility 'cleanDir_complete-index-config'.
[06.11.13 10:37:48] INFO: Retrieving Dev Studio configuration.
[06.11.13 10:37:48] INFO: [ITLHost] Starting copy utility 'fetch_dev_studio_config'.
[06.11.13 10:37:49] INFO: Retrieving Web Studio configuration.
[06.11.13 10:37:49] INFO: [ITLHost] Starting copy utility 'fetch_web_studio_config_file_tescogrocery.thesaurus.xml'.
[06.11.13 10:37:49] INFO: [ITLHost] Starting copy utility 'fetch_web_studio_config_file_tescogrocery.stop_words.xml'.
[06.11.13 10:37:50] INFO: [ITLHost] Starting shell utility 'cleanDir_processing'.
[06.11.13 10:38:28] INFO: [ITLHost] Starting shell utility 'cleanDir_forge-output'.
[06.11.13 10:38:29] INFO: [ITLHost] Starting shell utility 'cleanDir_dgidx-output'.
[06.11.13 10:38:31] INFO: [ITLHost] Starting shell utility 'move_-_to_processing'.
[06.11.13 10:38:32] INFO: [ITLHost] Starting copy utility 'fetch_config_to_input_for_forge_Forge'.
[06.11.13 10:38:33] INFO: [ITLHost] Starting shell utility 'RestoreConfigGeneratorPipelineEntities'.
[06.11.13 10:38:35] INFO: [ITLHost] Starting backup utility 'backup_log_dir_for_component_ConfigurationGeneratorForge'.
[06.11.13 10:38:36] INFO: [ITLHost] Starting component 'ConfigurationGeneratorForge'.
[06.11.13 10:42:18] INFO: [ITLHost] Starting shell utility 'RestoreForgePipelineEntities'.
[06.11.13 10:42:20] INFO: [ITLHost] Starting backup utility 'backup_log_dir_for_component_Forge'.
[06.11.13 10:42:21] INFO: [ITLHost] Starting component 'Forge'.
[06.11.13 10:44:31] INFO: [ITLHost] Starting backup utility 'backup_log_dir_for_component_Dgidx'.
[06.11.13 10:44:32] INFO: [ITLHost] Starting component 'Dgidx'.
[06.11.13 10:44:59] INFO: [MDEXHost1] Starting shell utility 'cleanDir_local-dgraph-input'.
[06.11.13 10:45:01] INFO: [MDEXHost1] Starting copy utility 'copy_index_to_host_MDEXHost1_Dgraph1'.
[06.11.13 10:45:07] INFO: [ITLHost] Starting shell utility 'cleanDir_temp'.
[06.11.13 10:45:09] INFO: [ITLHost] Starting copy utility 'fetch_post_forge_dimensions_to_ws_temp_dir_D-Tesco-THEN-config-script-data-web-studio-temp'.
[06.11.13 10:45:10] INFO: Uploading post-Forge Dimensions to Web Studio.
[06.11.13 10:45:10] INFO: [ITLHost] Starting shell utility 'emgr_update_set_post_forge_dims'.
[06.11.13 10:45:13] INFO: [ITLHost] Starting backup utility 'backup_state_dir_for_component_Forge'.
[06.11.13 10:45:14] INFO: [ITLHost] Starting backup utility 'backup_index_Dgidx'.
[06.11.13 10:45:15] INFO: Stopping component 'LogServer'.
[06.11.13 10:45:17] INFO: [LogHost] Starting backup utility 'backup_log_dir_for_component_LogServer'.
[06.11.13 10:45:18] INFO: [LogHost] Starting component 'LogServer'.
[06.11.13 10:45:19] INFO: Released lock 'update_lock'.
[06.11.13 10:45:19] INFO: Baseline update script finished.
[06.11.13 10:45:23] INFO: Checking definition from AppConfig.xml against existing EAC provisioning.
[06.11.13 10:45:24] INFO: Definition has not changed.
[06.11.13 10:45:24] INFO: Applying index to dgraphs in restart group 'A'.
[06.11.13 10:45:24] INFO: [MDEXHost1] Starting shell utility 'mkpath_dgraph-input-new'.
[06.11.13 10:45:25] INFO: [MDEXHost1] Starting copy utility 'copy_index_to_temp_new_dgraph_input_dir_for_Dgraph1'.
[06.11.13 10:45:27] INFO: Stopping component 'Dgraph1'.
[06.11.13 10:45:28] INFO: [MDEXHost1] Starting shell utility 'move_dgraph-input_to_dgraph-input-old'.
[06.11.13 10:45:30] INFO: [MDEXHost1] Starting shell utility 'move_dgraph-input-new_to_dgraph-input'.
[06.11.13 10:45:31] INFO: [MDEXHost1] Starting backup utility 'backup_log_dir_for_component_Dgraph1'.
[06.11.13 10:45:35] INFO: [MDEXHost1] Starting component 'Dgraph1'.
[06.11.13 10:45:46] INFO: [MDEXHost1] Starting shell utility 'rmdir_dgraph-input-old'.
[11/06/2013 10:37:34.90] Call Scripts for Local language for cluster 1 - Baseline Update  
Setting flag 'baseline_data_ready' in the EAC.
[06.11.13 10:45:55] INFO: Checking definition from AppConfig.xml against existing EAC provisioning.
[06.11.13 10:45:56] INFO: Updating provisioning for component 'DailyReportGenerator'.
[06.11.13 10:45:56] INFO: Updating definition for component 'DailyReportGenerator'.
[06.11.13 10:45:57] INFO: Definition updated.
[06.11.13 10:45:57] INFO: Starting baseline update script.
[06.11.13 10:45:57] WARNING: Failed to obtain lock.
[06.11.13 10:45:58] INFO: Checking definition from AppConfig.xml against existing EAC provisioning.
[06.11.13 10:45:59] INFO: Definition has not changed.
[06.11.13 10:45:59] INFO: Applying index to dgraphs in restart group 'A'.
[06.11.13 10:45:59] INFO: [MDEXHost1] Starting shell utility 'mkpath_dgraph-input-new'.
[06.11.13 10:46:01] INFO: [MDEXHost1] Starting copy utility 'copy_index_to_temp_new_dgraph_input_dir_for_Dgraph1'.
[06.11.13 10:46:26] INFO: Stopping component 'Dgraph1'.
[06.11.13 10:46:28] INFO: [MDEXHost1] Starting shell utility 'move_dgraph-input_to_dgraph-input-old'.
[06.11.13 10:46:29] INFO: [MDEXHost1] Starting shell utility 'move_dgraph-input-new_to_dgraph-input'.
[06.11.13 10:46:30] INFO: [MDEXHost1] Starting backup utility 'backup_log_dir_for_component_Dgraph1'.
[06.11.13 10:46:31] INFO: [MDEXHost1] Starting component 'Dgraph1'.
[06.11.13 10:46:40] INFO: [MDEXHost1] Starting shell utility 'rmdir_dgraph-input-old'.
[11/06/2013 10:37:34.90] Forge operation completed successfully  
