
D:\Tesco\TH ForgeAutomation forEN>ECHO OFF 
[11/06/2013  3:15:02.50] Forge Started 
[11/06/2013  3:15:02.56] Copy delta file from PI directory 
\\UKDEV66APSQL01v\DataIntegration\International\TH\Product\Reports\FullForge\ProductDelta20130610_072524.zip
1 File(s) copied
[11/06/2013  3:15:05.59] Extracting files for forge 
[11/06/2013  3:16:31.07] File extraction complete 
[11/06/2013  3:16:31.07] Call Scripts for English language for cluster 1 - Baseline Update  
Setting flag 'baseline_data_ready' in the EAC.
[06.11.13 03:16:34] INFO: Checking definition from AppConfig.xml against existing EAC provisioning.
[06.11.13 03:16:35] INFO: Updating provisioning for component 'DailyReportGenerator'.
[06.11.13 03:16:35] INFO: Updating definition for component 'DailyReportGenerator'.
[06.11.13 03:16:36] INFO: Definition updated.
[06.11.13 03:16:36] INFO: Starting baseline update script.
[06.11.13 03:16:36] INFO: Acquired lock 'update_lock'.
[06.11.13 03:16:36] INFO: Downloading config files from Web Studio.
[06.11.13 03:16:36] INFO: [ITLHost] Starting shell utility 'cleanDir_config'.
[06.11.13 03:16:38] INFO: [ITLHost] Starting shell utility 'emgr_update_get_ws_settings'.
[06.11.13 03:16:43] INFO: [ITLHost] Starting shell utility 'cleanDir_complete-index-config'.
[06.11.13 03:16:44] INFO: Retrieving Dev Studio configuration.
[06.11.13 03:16:44] INFO: [ITLHost] Starting copy utility 'fetch_dev_studio_config'.
[06.11.13 03:16:46] INFO: Retrieving Web Studio configuration.
[06.11.13 03:16:46] INFO: [ITLHost] Starting copy utility 'fetch_web_studio_config_file_tescogrocery.thesaurus.xml'.
[06.11.13 03:16:46] INFO: [ITLHost] Starting copy utility 'fetch_web_studio_config_file_tescogrocery.stop_words.xml'.
[06.11.13 03:16:47] INFO: [ITLHost] Starting shell utility 'cleanDir_processing'.
[06.11.13 03:17:25] INFO: [ITLHost] Starting shell utility 'cleanDir_cumulative-partials'.
[06.11.13 03:17:26] INFO: [ITLHost] Starting shell utility 'move_-_to_processing'.
[06.11.13 03:17:28] INFO: [ITLHost] Starting copy utility 'fetch_config_to_input_for_forge_Forge'.
[06.11.13 03:17:28] INFO: [ITLHost] Starting shell utility 'RestoreConfigGeneratorPipelineEntities'.
[06.11.13 03:17:29] INFO: [ITLHost] Starting backup utility 'backup_log_dir_for_component_ConfigurationGeneratorForge'.
[06.11.13 03:17:30] INFO: [ITLHost] Starting component 'ConfigurationGeneratorForge'.
[06.11.13 03:21:13] INFO: [ITLHost] Starting shell utility 'RestoreForgePipelineEntities'.
[06.11.13 03:21:14] INFO: [ITLHost] Starting backup utility 'backup_log_dir_for_component_Forge'.
[06.11.13 03:21:15] INFO: [ITLHost] Starting component 'Forge'.
[06.11.13 03:23:15] INFO: [ITLHost] Starting backup utility 'backup_log_dir_for_component_Dgidx'.
[06.11.13 03:23:16] INFO: [ITLHost] Starting component 'Dgidx'.
[06.11.13 03:23:51] INFO: [MDEXHost1] Starting shell utility 'cleanDir_local-dgraph-input'.
[06.11.13 03:23:52] INFO: [MDEXHost1] Starting shell utility 'cleanDir_local-cumulative-partials'.
[06.11.13 03:23:54] INFO: [MDEXHost1] Starting copy utility 'copy_index_to_host_MDEXHost1_Dgraph1'.
[06.11.13 03:23:59] INFO: [ITLHost] Starting shell utility 'cleanDir_temp'.
[06.11.13 03:24:00] INFO: [ITLHost] Starting copy utility 'fetch_post_forge_dimensions_to_ws_temp_dir_D-Tesco-THEN-config-script-data-web-studio-temp'.
[06.11.13 03:24:02] INFO: Uploading post-Forge Dimensions to Web Studio.
[06.11.13 03:24:02] INFO: [ITLHost] Starting shell utility 'emgr_update_set_post_forge_dims'.
[06.11.13 03:24:11] INFO: [ITLHost] Starting backup utility 'backup_state_dir_for_component_Forge'.
[06.11.13 03:24:13] INFO: [ITLHost] Starting backup utility 'backup_index_Dgidx'.
[06.11.13 03:24:14] INFO: [LogHost] Starting backup utility 'backup_log_dir_for_component_LogServer'.
[06.11.13 03:24:16] INFO: [LogHost] Starting component 'LogServer'.
[06.11.13 03:24:17] INFO: Released lock 'update_lock'.
[06.11.13 03:24:17] INFO: Baseline update script finished.
[06.11.13 03:24:19] INFO: Checking definition from AppConfig.xml against existing EAC provisioning.
[06.11.13 03:24:19] INFO: Definition has not changed.
[06.11.13 03:24:19] INFO: Applying index to dgraphs in restart group 'A'.
[06.11.13 03:24:19] INFO: [MDEXHost1] Starting shell utility 'mkpath_dgraph-input-new'.
[06.11.13 03:24:21] INFO: [MDEXHost1] Starting copy utility 'copy_index_to_temp_new_dgraph_input_dir_for_Dgraph1'.
[06.11.13 03:24:25] INFO: Stopping component 'Dgraph1'.
[06.11.13 03:24:27] INFO: [MDEXHost1] Starting shell utility 'move_dgraph-input_to_dgraph-input-old'.
[06.11.13 03:24:28] INFO: [MDEXHost1] Starting shell utility 'move_dgraph-input-new_to_dgraph-input'.
[06.11.13 03:24:29] INFO: [MDEXHost1] Starting backup utility 'backup_log_dir_for_component_Dgraph1'.
[06.11.13 03:24:31] INFO: [MDEXHost1] Starting component 'Dgraph1'.
[06.11.13 03:24:42] INFO: [MDEXHost1] Starting shell utility 'rmdir_dgraph-input-old'.
[11/06/2013  3:16:31.07] Forge operation completed successfully  
