Log file for <processControl-1.0.4-linux>
pcd936 24/01/14 07:48:34.16 Process WebService1 (10938) stopped
pcd936 24/01/14 07:48:34.27 Process CZ_Switch (10939) stopped
pcd936 24/01/14 07:48:34.37 Process CZ_GuiServer (10940) stopped
pcd936 24/01/14 07:48:34.48 Process CZ_Gateway (10941) stopped
pcd936 24/01/14 07:48:34.60 Process CZ_SmAuto (10942) stopped
pcd936 24/01/14 07:48:34.70 Process PL_Switch (10943) stopped
pcd936 24/01/14 07:48:34.81 Process PL_GuiServer (10944) stopped
pcd936 24/01/14 07:48:34.91 Process PL_Gateway (10945) stopped
pcd936 24/01/14 07:48:35.03 Process PL_SmAuto (10946) stopped
pcd936 24/01/14 07:48:35.14 Process SK_Switch (10947) stopped
pcd936 24/01/14 07:48:35.24 Process SK_GuiServer (10948) stopped
pcd936 24/01/14 07:48:35.34 Process SK_Gateway (10949) stopped
pcd936 24/01/14 07:48:35.45 Process SK_SmAuto (10950) stopped
Log file for <processControl-1.0.4-linux>
pcd718 24/01/14 07:48:40.82 Starting processing initial process file...
pcd718 24/01/14 07:48:40.83 Starting process: /u01/ors/RELEASES/rsrcmgr-4.5.11/bin/linux/rts_ws config=/u01/ors/etc/rsrcmgr-ukdbt66ceovs01vWebService1.cfg
pcd718 24/01/14 07:48:40.83 Process WebService1 (28720) started
pcd718 24/01/14 07:48:40.83 Starting process: /u01/ors/RELEASES/planner-10.5.10/bin/linux/plannerSwitch config=/u01/ors/etc/planner-ukdbt66ceovs01vCZ.cfg
pcd718 24/01/14 07:48:40.83 Process CZ_Switch (28721) started
pcd718 24/01/14 07:48:40.83 Starting process: /u01/ors/RELEASES/planner-10.5.10/bin/linux/plannerGuiServer config=/u01/ors/etc/planner-ukdbt66ceovs01vCZ.cfg
pcd718 24/01/14 07:48:40.83 Process CZ_GuiServer (28722) started
pcd718 24/01/14 07:48:40.83 Starting process: /u01/ors/RELEASES/rsrcmgr-4.5.11/bin/linux/rmgw config=/u01/ors/etc/rsrcmgr-ukdbt66ceovs01vCZ.cfg
pcd718 24/01/14 07:48:40.83 Process CZ_Gateway (28723) started
pcd718 24/01/14 07:48:40.83 Starting process: /u01/ors/RELEASES/planner-10.5.10/bin/linux/smauto config=/u01/ors/etc/planner-ukdbt66ceovs01vCZ.cfg
pcd718 24/01/14 07:48:40.83 Process CZ_SmAuto (28724) started
pcd718 24/01/14 07:48:40.83 Starting process: /u01/ors/RELEASES/planner-10.5.10/bin/linux/plannerSwitch config=/u01/ors/etc/planner-ukdbt66ceovs01vPL.cfg
pcd718 24/01/14 07:48:40.84 Process PL_Switch (28725) started
pcd718 24/01/14 07:48:40.84 Starting process: /u01/ors/RELEASES/planner-10.5.10/bin/linux/plannerGuiServer config=/u01/ors/etc/planner-ukdbt66ceovs01vPL.cfg
pcd718 24/01/14 07:48:40.84 Process PL_GuiServer (28726) started
pcd718 24/01/14 07:48:40.84 Starting process: /u01/ors/RELEASES/rsrcmgr-4.5.11/bin/linux/rmgw config=/u01/ors/etc/rsrcmgr-ukdbt66ceovs01vPL.cfg
pcd718 24/01/14 07:48:40.89 Process PL_Gateway (28727) started
pcd718 24/01/14 07:48:40.89 Starting process: /u01/ors/RELEASES/planner-10.5.10/bin/linux/smauto config=/u01/ors/etc/planner-ukdbt66ceovs01vPL.cfg
pcd718 24/01/14 07:48:40.89 Process PL_SmAuto (28728) started
pcd718 24/01/14 07:48:40.89 Starting process: /u01/ors/RELEASES/planner-10.5.10/bin/linux/plannerSwitch config=/u01/ors/etc/planner-ukdbt66ceovs01vSK.cfg
pcd718 24/01/14 07:48:40.89 Process SK_Switch (28729) started
pcd718 24/01/14 07:48:40.89 Starting process: /u01/ors/RELEASES/planner-10.5.10/bin/linux/plannerGuiServer config=/u01/ors/etc/planner-ukdbt66ceovs01vSK.cfg
pcd718 24/01/14 07:48:40.91 Process SK_GuiServer (28730) started
pcd718 24/01/14 07:48:40.91 Starting process: /u01/ors/RELEASES/rsrcmgr-4.5.11/bin/linux/rmgw config=/u01/ors/etc/rsrcmgr-ukdbt66ceovs01vSK.cfg
pcd718 24/01/14 07:48:40.96 Process SK_Gateway (28731) started
pcd718 24/01/14 07:48:40.96 Starting process: /u01/ors/RELEASES/planner-10.5.10/bin/linux/smauto config=/u01/ors/etc/planner-ukdbt66ceovs01vSK.cfg
pcd718 24/01/14 07:48:40.96 Process SK_SmAuto (28732) started
pcd718 24/01/14 07:58:30.95 Process WebService1 (28720) stopped
pcd718 24/01/14 07:58:31.06 Process CZ_Switch (28721) stopped
pcd718 24/01/14 07:58:31.16 Process CZ_GuiServer (28722) stopped
pcd718 24/01/14 07:58:31.26 Process CZ_Gateway (28723) stopped
pcd718 24/01/14 07:58:31.37 Process CZ_SmAuto (28724) stopped
pcd718 24/01/14 07:58:31.47 Process PL_Switch (28725) stopped
pcd718 24/01/14 07:58:31.58 Process PL_GuiServer (28726) stopped
pcd718 24/01/14 07:58:31.68 Process PL_Gateway (28727) stopped
pcd718 24/01/14 07:58:31.78 Process PL_SmAuto (28728) stopped
pcd718 24/01/14 07:58:31.89 Process SK_Switch (28729) stopped
pcd718 24/01/14 07:58:31.99 Process SK_GuiServer (28730) stopped
pcd718 24/01/14 07:58:32.10 Process SK_Gateway (28731) stopped
pcd718 24/01/14 07:58:32.21 Process SK_SmAuto (28732) stopped
Log file for <processControl-1.0.4-linux>
pcd078 24/01/14 07:59:14.93 Starting processing initial process file...
pcd078 24/01/14 07:59:14.94 Starting process: /u01/ors/RELEASES/rsrcmgr-4.5.11/bin/linux/rts_ws config=/u01/ors/etc/rsrcmgr-ukdbt66ceovs01vWebService1.cfg
pcd078 24/01/14 07:59:14.94 Process WebService1 (29080) started
pcd078 24/01/14 07:59:14.94 Starting process: /u01/ors/RELEASES/planner-10.5.10/bin/linux/plannerSwitch config=/u01/ors/etc/planner-ukdbt66ceovs01vCZ.cfg
pcd078 24/01/14 07:59:14.94 Process CZ_Switch (29081) started
pcd078 24/01/14 07:59:14.94 Starting process: /u01/ors/RELEASES/planner-10.5.10/bin/linux/plannerGuiServer config=/u01/ors/etc/planner-ukdbt66ceovs01vCZ.cfg
pcd078 24/01/14 07:59:14.94 Process CZ_GuiServer (29082) started
pcd078 24/01/14 07:59:14.94 Starting process: /u01/ors/RELEASES/rsrcmgr-4.5.11/bin/linux/rmgw config=/u01/ors/etc/rsrcmgr-ukdbt66ceovs01vCZ.cfg
pcd078 24/01/14 07:59:14.94 Process CZ_Gateway (29083) started
pcd078 24/01/14 07:59:14.94 Starting process: /u01/ors/RELEASES/planner-10.5.10/bin/linux/smauto config=/u01/ors/etc/planner-ukdbt66ceovs01vCZ.cfg
pcd078 24/01/14 07:59:14.95 Process CZ_SmAuto (29084) started
pcd078 24/01/14 07:59:14.95 Starting process: /u01/ors/RELEASES/planner-10.5.10/bin/linux/plannerSwitch config=/u01/ors/etc/planner-ukdbt66ceovs01vPL.cfg
pcd078 24/01/14 07:59:14.96 Process PL_Switch (29085) started
pcd078 24/01/14 07:59:14.96 Starting process: /u01/ors/RELEASES/planner-10.5.10/bin/linux/plannerGuiServer config=/u01/ors/etc/planner-ukdbt66ceovs01vPL.cfg
pcd078 24/01/14 07:59:14.97 Process PL_GuiServer (29086) started
pcd078 24/01/14 07:59:14.97 Starting process: /u01/ors/RELEASES/rsrcmgr-4.5.11/bin/linux/rmgw config=/u01/ors/etc/rsrcmgr-ukdbt66ceovs01vPL.cfg
pcd078 24/01/14 07:59:14.97 Process PL_Gateway (29087) started
pcd078 24/01/14 07:59:14.97 Starting process: /u01/ors/RELEASES/planner-10.5.10/bin/linux/smauto config=/u01/ors/etc/planner-ukdbt66ceovs01vPL.cfg
pcd078 24/01/14 07:59:15.03 Process PL_SmAuto (29088) started
pcd078 24/01/14 07:59:15.03 Starting process: /u01/ors/RELEASES/planner-10.5.10/bin/linux/plannerSwitch config=/u01/ors/etc/planner-ukdbt66ceovs01vSK.cfg
pcd078 24/01/14 07:59:15.03 Process SK_Switch (29089) started
pcd078 24/01/14 07:59:15.03 Starting process: /u01/ors/RELEASES/planner-10.5.10/bin/linux/plannerGuiServer config=/u01/ors/etc/planner-ukdbt66ceovs01vSK.cfg
pcd078 24/01/14 07:59:15.03 Process SK_GuiServer (29090) started
pcd078 24/01/14 07:59:15.03 Starting process: /u01/ors/RELEASES/rsrcmgr-4.5.11/bin/linux/rmgw config=/u01/ors/etc/rsrcmgr-ukdbt66ceovs01vSK.cfg
pcd078 24/01/14 07:59:15.04 Process SK_Gateway (29091) started
pcd078 24/01/14 07:59:15.04 Starting process: /u01/ors/RELEASES/planner-10.5.10/bin/linux/smauto config=/u01/ors/etc/planner-ukdbt66ceovs01vSK.cfg
pcd078 24/01/14 07:59:15.14 Process SK_SmAuto (29092) started
